Determining if the pthread_create exist failed with the following output:
Change Dir: /home/shuai/catkin_ws/src/SARosPerceptionKitti/sensor_processing/build/CMakeFiles/CMakeTmp

Run Build Command:"/usr/bin/make" "cmTC_ec931/fast"
/usr/bin/make -f CMakeFiles/cmTC_ec931.dir/build.make CMakeFiles/cmTC_ec931.dir/build
make[1]: 进入目录“/home/shuai/catkin_ws/src/SARosPerceptionKitti/sensor_processing/build/CMakeFiles/CMakeTmp”
Building C object CMakeFiles/cmTC_ec931.dir/CheckSymbolExists.c.o
/usr/bin/x86_64-linux-gnu-gcc-7    -o CMakeFiles/cmTC_ec931.dir/CheckSymbolExists.c.o   -c /home/shuai/catkin_ws/src/SARosPerceptionKitti/sensor_processing/build/CMakeFiles/CMakeTmp/CheckSymbolExists.c
Linking C executable cmTC_ec931
/usr/bin/cmake -E cmake_link_script CMakeFiles/cmTC_ec931.dir/link.txt --verbose=1
/usr/bin/x86_64-linux-gnu-gcc-7      -rdynamic CMakeFiles/cmTC_ec931.dir/CheckSymbolExists.c.o  -o cmTC_ec931 
CMakeFiles/cmTC_ec931.dir/CheckSymbolExists.c.o：在函数‘main’中：
CheckSymbolExists.c:(.text+0x1b)：对‘pthread_create’未定义的引用
collect2: error: ld returned 1 exit status
CMakeFiles/cmTC_ec931.dir/build.make:97: recipe for target 'cmTC_ec931' failed
make[1]: *** [cmTC_ec931] Error 1
make[1]: 离开目录“/home/shuai/catkin_ws/src/SARosPerceptionKitti/sensor_processing/build/CMakeFiles/CMakeTmp”
Makefile:126: recipe for target 'cmTC_ec931/fast' failed
make: *** [cmTC_ec931/fast] Error 2

File /home/shuai/catkin_ws/src/SARosPerceptionKitti/sensor_processing/build/CMakeFiles/CMakeTmp/CheckSymbolExists.c:
/* */
#include <pthread.h>

int main(int argc, char** argv)
{
  (void)argv;
#ifndef pthread_create
  return ((int*)(&pthread_create))[argc];
#else
  (void)argc;
  return 0;
#endif
}

Determining if the function pthread_create exists in the pthreads failed with the following output:
Change Dir: /home/shuai/catkin_ws/src/SARosPerceptionKitti/sensor_processing/build/CMakeFiles/CMakeTmp

Run Build Command:"/usr/bin/make" "cmTC_909f2/fast"
/usr/bin/make -f CMakeFiles/cmTC_909f2.dir/build.make CMakeFiles/cmTC_909f2.dir/build
make[1]: 进入目录“/home/shuai/catkin_ws/src/SARosPerceptionKitti/sensor_processing/build/CMakeFiles/CMakeTmp”
Building C object CMakeFiles/cmTC_909f2.dir/CheckFunctionExists.c.o
/usr/bin/x86_64-linux-gnu-gcc-7   -DCHECK_FUNCTION_EXISTS=pthread_create   -o CMakeFiles/cmTC_909f2.dir/CheckFunctionExists.c.o   -c /usr/share/cmake-3.10/Modules/CheckFunctionExists.c
Linking C executable cmTC_909f2
/usr/bin/cmake -E cmake_link_script CMakeFiles/cmTC_909f2.dir/link.txt --verbose=1
/usr/bin/x86_64-linux-gnu-gcc-7  -DCHECK_FUNCTION_EXISTS=pthread_create    -rdynamic CMakeFiles/cmTC_909f2.dir/CheckFunctionExists.c.o  -o cmTC_909f2 -lpthreads 
/usr/bin/ld: 找不到 -lpthreads
collect2: error: ld returned 1 exit status
CMakeFiles/cmTC_909f2.dir/build.make:97: recipe for target 'cmTC_909f2' failed
make[1]: *** [cmTC_909f2] Error 1
make[1]: 离开目录“/home/shuai/catkin_ws/src/SARosPerceptionKitti/sensor_processing/build/CMakeFiles/CMakeTmp”
Makefile:126: recipe for target 'cmTC_909f2/fast' failed
make: *** [cmTC_909f2/fast] Error 2


